# JRE version: Java(TM) SE Runtime Environment (21.0.3+7) (build 21.0.3+7-LTS-152)
# Java VM: Java HotSpot(TM) 64-Bit Server VM (21.0.3+7-LTS-152, mixed mode, sharing, tiered, compressed oops, compressed class ptrs, g1 gc, windows-amd64)
GC Precious Log:
 CardTable entry size: 512
 Card Set container configuration: InlinePtr #cards 5 size 8 Array Of Cards #cards 12 size 40 Howl #buckets 4 coarsen threshold 1843 Howl Bitmap #cards 512 size 80 coarsen threshold 460 Card regions per heap region 1 cards per card region 2048
 CPUs: 4 total, 4 available
 Memory: 7934M
 Large Page Support: Disabled
 NUMA Support: Disabled
 Compressed Oops: Enabled (32-bit)
 Heap Region Size: 1M
 Heap Min Capacity: 8M
 Heap Initial Capacity: 124M
 Heap Max Capacity: 1984M
 Pre-touch: Disabled
 Parallel Workers: 4
 Concurrent Workers: 1
 Concurrent Refinement Workers: 4
 Periodic GC: Disabled
Heap:
 garbage-first heap   total 102400K, used 59177K [0x0000000084000000, 0x0000000100000000)
  region size 1024K, 38 young (38912K), 8 survivors (8192K)
 Metaspace       used 26524K, committed 26880K, reserved 1114112K
  class space    used 2988K, committed 3136K, reserved 1048576K
GC Heap History (12 events):
Event: 0.609 GC heap before
{Heap before GC invocations=0 (full 0):
 garbage-first heap   total 126976K, used 13312K [0x0000000084000000, 0x0000000100000000)
  region size 1024K, 13 young (13312K), 0 survivors (0K)
 Metaspace       used 3577K, committed 3776K, reserved 1114112K
  class space    used 365K, committed 448K, reserved 1048576K
}
Event: 0.617 GC heap after
{Heap after GC invocations=1 (full 0):
 garbage-first heap   total 126976K, used 3232K [0x0000000084000000, 0x0000000100000000)
  region size 1024K, 2 young (2048K), 2 survivors (2048K)
 Metaspace       used 3577K, committed 3776K, reserved 1114112K
  class space    used 365K, committed 448K, reserved 1048576K
}
Event: 1.073 GC heap before
{Heap before GC invocations=1 (full 0):
 garbage-first heap   total 126976K, used 19616K [0x0000000084000000, 0x0000000100000000)
  region size 1024K, 18 young (18432K), 2 survivors (2048K)
 Metaspace       used 6127K, committed 6336K, reserved 1114112K
  class space    used 718K, committed 832K, reserved 1048576K
}
Event: 1.077 GC heap after
{Heap after GC invocations=2 (full 0):
 garbage-first heap   total 126976K, used 4089K [0x0000000084000000, 0x0000000100000000)
  region size 1024K, 1 young (1024K), 1 survivors (1024K)
 Metaspace       used 6127K, committed 6336K, reserved 1114112K
  class space    used 718K, committed 832K, reserved 1048576K
}
Event: 3.512 GC heap before
{Heap before GC invocations=2 (full 0):
 garbage-first heap   total 126976K, used 77817K [0x0000000084000000, 0x0000000100000000)
  region size 1024K, 74 young (75776K), 1 survivors (1024K)
 Metaspace       used 15655K, committed 15872K, reserved 1114112K
  class space    used 1848K, committed 1920K, reserved 1048576K
}
Event: 3.528 GC heap after
{Heap after GC invocations=3 (full 0):
 garbage-first heap   total 126976K, used 11607K [0x0000000084000000, 0x0000000100000000)
  region size 1024K, 8 young (8192K), 8 survivors (8192K)
 Metaspace       used 15655K, committed 15872K, reserved 1114112K
  class space    used 1848K, committed 1920K, reserved 1048576K
}
Event: 5.367 GC heap before
{Heap before GC invocations=3 (full 0):
 garbage-first heap   total 126976K, used 79191K [0x0000000084000000, 0x0000000100000000)
  region size 1024K, 74 young (75776K), 8 survivors (8192K)
 Metaspace       used 16462K, committed 16768K, reserved 1114112K
  class space    used 1874K, committed 1984K, reserved 1048576K
}
Event: 5.386 GC heap after
{Heap after GC invocations=4 (full 0):
 garbage-first heap   total 126976K, used 15872K [0x0000000084000000, 0x0000000100000000)
  region size 1024K, 5 young (5120K), 5 survivors (5120K)
 Metaspace       used 16462K, committed 16768K, reserved 1114112K
  class space    used 1874K, committed 1984K, reserved 1048576K
}
Event: 7.630 GC heap before
{Heap before GC invocations=4 (full 0):
 garbage-first heap   total 126976K, used 96768K [0x0000000084000000, 0x0000000100000000)
  region size 1024K, 45 young (46080K), 5 survivors (5120K)
 Metaspace       used 17847K, committed 18112K, reserved 1114112K
  class space    used 2009K, committed 2176K, reserved 1048576K
}
Event: 7.637 GC heap after
{Heap after GC invocations=5 (full 0):
 garbage-first heap   total 126976K, used 25534K [0x0000000084000000, 0x0000000100000000)
  region size 1024K, 6 young (6144K), 6 survivors (6144K)
 Metaspace       used 17847K, committed 18112K, reserved 1114112K
  class space    used 2009K, committed 2176K, reserved 1048576K
}
Event: 9.526 GC heap before
{Heap before GC invocations=5 (full 0):
 garbage-first heap   total 126976K, used 91070K [0x0000000084000000, 0x0000000100000000)
  region size 1024K, 40 young (40960K), 6 survivors (6144K)
 Metaspace       used 21237K, committed 21504K, reserved 1114112K
  class space    used 2409K, committed 2496K, reserved 1048576K
}
Event: 9.537 GC heap after
{Heap after GC invocations=6 (full 0):
 garbage-first heap   total 126976K, used 28457K [0x0000000084000000, 0x0000000100000000)
  region size 1024K, 8 young (8192K), 8 survivors (8192K)
 Metaspace       used 21237K, committed 21504K, reserved 1114112K
  class space    used 2409K, committed 2496K, reserved 1048576K
}

