# JRE version: Java(TM) SE Runtime Environment (21.0.3+7) (build 21.0.3+7-LTS-152)
# Java VM: Java HotSpot(TM) 64-Bit Server VM (21.0.3+7-LTS-152, mixed mode, emulated-client, sharing, tiered, compressed oops, compressed class ptrs, g1 gc, windows-amd64)
GC Precious Log:
 CardTable entry size: 512
 Card Set container configuration: InlinePtr #cards 5 size 8 Array Of Cards #cards 12 size 40 Howl #buckets 4 coarsen threshold 1843 Howl Bitmap #cards 512 size 80 coarsen threshold 460 Card regions per heap region 1 cards per card region 2048
 CPUs: 4 total, 4 available
 Memory: 7934M
 Large Page Support: Disabled
 NUMA Support: Disabled
 Compressed Oops: Enabled (32-bit)
 Heap Region Size: 1M
 Heap Min Capacity: 8M
 Heap Initial Capacity: 124M
 Heap Max Capacity: 1984M
 Pre-touch: Disabled
 Parallel Workers: 4
 Concurrent Workers: 1
 Concurrent Refinement Workers: 4
 Periodic GC: Disabled
Heap:
 garbage-first heap   total 89088K, used 75877K [0x0000000084000000, 0x0000000100000000)
  region size 1024K, 40 young (40960K), 4 survivors (4096K)
 Metaspace       used 83183K, committed 83968K, reserved 1179648K
  class space    used 12198K, committed 12544K, reserved 1048576K
GC Heap History (20 events):
Event: 2.588 GC heap before
{Heap before GC invocations=5 (full 0):
 garbage-first heap   total 61440K, used 44705K [0x0000000084000000, 0x0000000100000000)
  region size 1024K, 36 young (36864K), 9 survivors (9216K)
 Metaspace       used 24767K, committed 25216K, reserved 1114112K
  class space    used 3493K, committed 3712K, reserved 1048576K
}
Event: 2.605 GC heap after
{Heap after GC invocations=6 (full 0):
 garbage-first heap   total 61440K, used 19227K [0x0000000084000000, 0x0000000100000000)
  region size 1024K, 3 young (3072K), 3 survivors (3072K)
 Metaspace       used 24767K, committed 25216K, reserved 1114112K
  class space    used 3493K, committed 3712K, reserved 1048576K
}
Event: 3.138 GC heap before
{Heap before GC invocations=6 (full 0):
 garbage-first heap   total 61440K, used 47899K [0x0000000084000000, 0x0000000100000000)
  region size 1024K, 31 young (31744K), 3 survivors (3072K)
 Metaspace       used 29861K, committed 30336K, reserved 1114112K
  class space    used 4230K, committed 4416K, reserved 1048576K
}
Event: 3.145 GC heap after
{Heap after GC invocations=7 (full 0):
 garbage-first heap   total 73728K, used 22016K [0x0000000084000000, 0x0000000100000000)
  region size 1024K, 4 young (4096K), 4 survivors (4096K)
 Metaspace       used 29861K, committed 30336K, reserved 1114112K
  class space    used 4230K, committed 4416K, reserved 1048576K
}
Event: 3.720 GC heap before
{Heap before GC invocations=7 (full 0):
 garbage-first heap   total 73728K, used 47616K [0x0000000084000000, 0x0000000100000000)
  region size 1024K, 31 young (31744K), 4 survivors (4096K)
 Metaspace       used 35561K, committed 36096K, reserved 1114112K
  class space    used 5046K, committed 5312K, reserved 1048576K
}
Event: 3.728 GC heap after
{Heap after GC invocations=8 (full 0):
 garbage-first heap   total 73728K, used 24686K [0x0000000084000000, 0x0000000100000000)
  region size 1024K, 5 young (5120K), 5 survivors (5120K)
 Metaspace       used 35561K, committed 36096K, reserved 1114112K
  class space    used 5046K, committed 5312K, reserved 1048576K
}
Event: 4.591 GC heap before
{Heap before GC invocations=9 (full 0):
 garbage-first heap   total 73728K, used 61550K [0x0000000084000000, 0x0000000100000000)
  region size 1024K, 41 young (41984K), 5 survivors (5120K)
 Metaspace       used 45075K, committed 45568K, reserved 1114112K
  class space    used 6379K, committed 6592K, reserved 1048576K
}
Event: 4.602 GC heap after
{Heap after GC invocations=10 (full 0):
 garbage-first heap   total 73728K, used 26868K [0x0000000084000000, 0x0000000100000000)
  region size 1024K, 5 young (5120K), 5 survivors (5120K)
 Metaspace       used 45075K, committed 45568K, reserved 1114112K
  class space    used 6379K, committed 6592K, reserved 1048576K
}
Event: 5.576 GC heap before
{Heap before GC invocations=10 (full 0):
 garbage-first heap   total 73728K, used 61684K [0x0000000084000000, 0x0000000100000000)
  region size 1024K, 40 young (40960K), 5 survivors (5120K)
 Metaspace       used 54662K, committed 55360K, reserved 1114112K
  class space    used 7916K, committed 8256K, reserved 1048576K
}
Event: 5.586 GC heap after
{Heap after GC invocations=11 (full 0):
 garbage-first heap   total 73728K, used 27875K [0x0000000084000000, 0x0000000100000000)
  region size 1024K, 4 young (4096K), 4 survivors (4096K)
 Metaspace       used 54662K, committed 55360K, reserved 1114112K
  class space    used 7916K, committed 8256K, reserved 1048576K
}
Event: 6.408 GC heap before
{Heap before GC invocations=11 (full 0):
 garbage-first heap   total 73728K, used 53475K [0x0000000084000000, 0x0000000100000000)
  region size 1024K, 30 young (30720K), 4 survivors (4096K)
 Metaspace       used 60120K, committed 60800K, reserved 1114112K
  class space    used 8653K, committed 8960K, reserved 1048576K
}
Event: 6.419 GC heap after
{Heap after GC invocations=12 (full 0):
 garbage-first heap   total 73728K, used 30130K [0x0000000084000000, 0x0000000100000000)
  region size 1024K, 4 young (4096K), 4 survivors (4096K)
 Metaspace       used 60120K, committed 60800K, reserved 1114112K
  class space    used 8653K, committed 8960K, reserved 1048576K
}
Event: 6.798 GC heap before
{Heap before GC invocations=13 (full 0):
 garbage-first heap   total 73728K, used 62898K [0x0000000084000000, 0x0000000100000000)
  region size 1024K, 37 young (37888K), 4 survivors (4096K)
 Metaspace       used 63149K, committed 63872K, reserved 1114112K
  class space    used 9412K, committed 9728K, reserved 1048576K
}
Event: 6.807 GC heap after
{Heap after GC invocations=14 (full 0):
 garbage-first heap   total 73728K, used 32548K [0x0000000084000000, 0x0000000100000000)
  region size 1024K, 5 young (5120K), 5 survivors (5120K)
 Metaspace       used 63149K, committed 63872K, reserved 1114112K
  class space    used 9412K, committed 9728K, reserved 1048576K
}
Event: 7.384 GC heap before
{Heap before GC invocations=14 (full 0):
 garbage-first heap   total 73728K, used 62244K [0x0000000084000000, 0x0000000100000000)
  region size 1024K, 34 young (34816K), 5 survivors (5120K)
 Metaspace       used 66476K, committed 67136K, reserved 1114112K
  class space    used 9850K, committed 10112K, reserved 1048576K
}
Event: 7.391 GC heap after
{Heap after GC invocations=15 (full 0):
 garbage-first heap   total 89088K, used 34986K [0x0000000084000000, 0x0000000100000000)
  region size 1024K, 5 young (5120K), 5 survivors (5120K)
 Metaspace       used 66476K, committed 67136K, reserved 1114112K
  class space    used 9850K, committed 10112K, reserved 1048576K
}
Event: 8.145 GC heap before
{Heap before GC invocations=15 (full 0):
 garbage-first heap   total 89088K, used 77994K [0x0000000084000000, 0x0000000100000000)
  region size 1024K, 47 young (48128K), 5 survivors (5120K)
 Metaspace       used 71588K, committed 72320K, reserved 1114112K
  class space    used 10575K, committed 10944K, reserved 1048576K
}
Event: 8.152 GC heap after
{Heap after GC invocations=16 (full 0):
 garbage-first heap   total 89088K, used 37897K [0x0000000084000000, 0x0000000100000000)
  region size 1024K, 6 young (6144K), 6 survivors (6144K)
 Metaspace       used 71588K, committed 72320K, reserved 1114112K
  class space    used 10575K, committed 10944K, reserved 1048576K
}
Event: 21.423 GC heap before
{Heap before GC invocations=16 (full 0):
 garbage-first heap   total 89088K, used 76809K [0x0000000084000000, 0x0000000100000000)
  region size 1024K, 44 young (45056K), 6 survivors (6144K)
 Metaspace       used 75853K, committed 76608K, reserved 1114112K
  class space    used 11201K, committed 11520K, reserved 1048576K
}
Event: 21.435 GC heap after
{Heap after GC invocations=17 (full 0):
 garbage-first heap   total 89088K, used 41061K [0x0000000084000000, 0x0000000100000000)
  region size 1024K, 4 young (4096K), 4 survivors (4096K)
 Metaspace       used 75853K, committed 76608K, reserved 1114112K
  class space    used 11201K, committed 11520K, reserved 1048576K
}

